mode: atomic
github.com/cloudfoundry-incubator/auction/communication/nats/nats_muxer/nats_muxer_server.go:11.110,12.62 1 4
github.com/cloudfoundry-incubator/auction/communication/nats/nats_muxer/nats_muxer_server.go:12.62,15.17 3 38
github.com/cloudfoundry-incubator/auction/communication/nats/nats_muxer/nats_muxer_server.go:19.3,27.17 4 38
github.com/cloudfoundry-incubator/auction/communication/nats/nats_muxer/nats_muxer_server.go:31.3,31.47 1 38
github.com/cloudfoundry-incubator/auction/communication/nats/nats_muxer/nats_muxer_server.go:15.17,17.4 1 0
github.com/cloudfoundry-incubator/auction/communication/nats/nats_muxer/nats_muxer_server.go:27.17,29.4 1 0
github.com/cloudfoundry-incubator/auction/communication/nats/nats_muxer/nats_muxer_client.go:30.69,39.2 2 2
github.com/cloudfoundry-incubator/auction/communication/nats/nats_muxer/nats_muxer_client.go:41.54,42.84 1 2
github.com/cloudfoundry-incubator/auction/communication/nats/nats_muxer/nats_muxer_client.go:46.2,46.16 1 2
github.com/cloudfoundry-incubator/auction/communication/nats/nats_muxer/nats_muxer_client.go:50.2,51.12 2 2
github.com/cloudfoundry-incubator/auction/communication/nats/nats_muxer/nats_muxer_client.go:42.84,44.3 1 38
github.com/cloudfoundry-incubator/auction/communication/nats/nats_muxer/nats_muxer_client.go:46.16,48.3 1 0
github.com/cloudfoundry-incubator/auction/communication/nats/nats_muxer/nats_muxer_client.go:54.44,56.2 1 2
github.com/cloudfoundry-incubator/auction/communication/nats/nats_muxer/nats_muxer_client.go:58.106,66.15 6 39
github.com/cloudfoundry-incubator/auction/communication/nats/nats_muxer/nats_muxer_client.go:72.2,78.16 3 39
github.com/cloudfoundry-incubator/auction/communication/nats/nats_muxer/nats_muxer_client.go:82.2,83.16 2 39
github.com/cloudfoundry-incubator/auction/communication/nats/nats_muxer/nats_muxer_client.go:87.2,87.9 1 39
github.com/cloudfoundry-incubator/auction/communication/nats/nats_muxer/nats_muxer_client.go:94.2,94.25 1 0
github.com/cloudfoundry-incubator/auction/communication/nats/nats_muxer/nats_muxer_client.go:66.15,70.3 3 39
github.com/cloudfoundry-incubator/auction/communication/nats/nats_muxer/nats_muxer_client.go:78.16,80.3 1 0
github.com/cloudfoundry-incubator/auction/communication/nats/nats_muxer/nats_muxer_client.go:83.16,85.3 1 0
github.com/cloudfoundry-incubator/auction/communication/nats/nats_muxer/nats_muxer_client.go:88.2,89.22 1 38
github.com/cloudfoundry-incubator/auction/communication/nats/nats_muxer/nats_muxer_client.go:90.2,91.27 1 1
github.com/cloudfoundry-incubator/auction/communication/nats/nats_muxer/nats_muxer_client.go:97.64,100.16 3 38
github.com/cloudfoundry-incubator/auction/communication/nats/nats_muxer/nats_muxer_client.go:104.2,107.9 4 38
github.com/cloudfoundry-incubator/auction/communication/nats/nats_muxer/nats_muxer_client.go:111.2,111.34 1 38
github.com/cloudfoundry-incubator/auction/communication/nats/nats_muxer/nats_muxer_client.go:100.16,102.3 1 0
github.com/cloudfoundry-incubator/auction/communication/nats/nats_muxer/nats_muxer_client.go:107.9,109.3 1 0
